# JRE version: OpenJDK Runtime Environment (11.0.9.1) (build 11.0.9.1-internal+0-adhoc..src)
# Java VM: OpenJDK 64-Bit Server VM (11.0.9.1-internal+0-adhoc..src, mixed mode, tiered, compressed oops, g1 gc, linux-amd64)
Heap:
 garbage-first heap   total 2097152K, used 125484K [0x0000000082000000, 0x0000000800000000)
  region size 4096K, 30 young (122880K), 2 survivors (8192K)
 Metaspace       used 23297K, capacity 23753K, committed 23856K, reserved 1071104K
  class space    used 2501K, capacity 2665K, committed 2688K, reserved 1048576K
GC Heap History (10 events):
Event: 55.527 GC heap before
{Heap before GC invocations=0 (full 0):
 garbage-first heap   total 2097152K, used 40960K [0x0000000082000000, 0x0000000800000000)
  region size 4096K, 10 young (40960K), 0 survivors (0K)
 Metaspace       used 20705K, capacity 21101K, committed 21296K, reserved 1069056K
  class space    used 2219K, capacity 2380K, committed 2432K, reserved 1048576K
}
Event: 55.576 GC heap after
{Heap after GC invocations=1 (full 0):
 garbage-first heap   total 2097152K, used 8584K [0x0000000082000000, 0x0000000800000000)
  region size 4096K, 2 young (8192K), 2 survivors (8192K)
 Metaspace       used 20705K, capacity 21101K, committed 21296K, reserved 1069056K
  class space    used 2219K, capacity 2380K, committed 2432K, reserved 1048576K
}
Event: 229.536 GC heap before
{Heap before GC invocations=2 (full 0):
 garbage-first heap   total 2097152K, used 188808K [0x0000000082000000, 0x0000000800000000)
  region size 4096K, 45 young (184320K), 2 survivors (8192K)
 Metaspace       used 23119K, capacity 23555K, committed 23856K, reserved 1071104K
  class space    used 2498K, capacity 2664K, committed 2688K, reserved 1048576K
}
Event: 229.550 GC heap after
{Heap after GC invocations=3 (full 0):
 garbage-first heap   total 2097152K, used 14083K [0x0000000082000000, 0x0000000800000000)
  region size 4096K, 2 young (8192K), 2 survivors (8192K)
 Metaspace       used 23119K, capacity 23555K, committed 23856K, reserved 1071104K
  class space    used 2498K, capacity 2664K, committed 2688K, reserved 1048576K
}
Event: 410.383 GC heap before
{Heap before GC invocations=3 (full 0):
 garbage-first heap   total 2097152K, used 276227K [0x0000000082000000, 0x0000000800000000)
  region size 4096K, 66 young (270336K), 2 survivors (8192K)
 Metaspace       used 23188K, capacity 23619K, committed 23856K, reserved 1071104K
  class space    used 2498K, capacity 2664K, committed 2688K, reserved 1048576K
}
Event: 410.399 GC heap after
{Heap after GC invocations=4 (full 0):
 garbage-first heap   total 2097152K, used 13402K [0x0000000082000000, 0x0000000800000000)
  region size 4096K, 2 young (8192K), 2 survivors (8192K)
 Metaspace       used 23188K, capacity 23619K, committed 23856K, reserved 1071104K
  class space    used 2498K, capacity 2664K, committed 2688K, reserved 1048576K
}
Event: 569.975 GC heap before
{Heap before GC invocations=4 (full 0):
 garbage-first heap   total 2097152K, used 312410K [0x0000000082000000, 0x0000000800000000)
  region size 4096K, 75 young (307200K), 2 survivors (8192K)
 Metaspace       used 23219K, capacity 23683K, committed 23856K, reserved 1071104K
  class space    used 2498K, capacity 2664K, committed 2688K, reserved 1048576K
}
Event: 569.990 GC heap after
{Heap after GC invocations=5 (full 0):
 garbage-first heap   total 2097152K, used 14005K [0x0000000082000000, 0x0000000800000000)
  region size 4096K, 2 young (8192K), 2 survivors (8192K)
 Metaspace       used 23219K, capacity 23683K, committed 23856K, reserved 1071104K
  class space    used 2498K, capacity 2664K, committed 2688K, reserved 1048576K
}
Event: 873.511 GC heap before
{Heap before GC invocations=5 (full 0):
 garbage-first heap   total 2097152K, used 399029K [0x0000000082000000, 0x0000000800000000)
  region size 4096K, 96 young (393216K), 2 survivors (8192K)
 Metaspace       used 23256K, capacity 23685K, committed 23856K, reserved 1071104K
  class space    used 2498K, capacity 2664K, committed 2688K, reserved 1048576K
}
Event: 873.526 GC heap after
{Heap after GC invocations=6 (full 0):
 garbage-first heap   total 2097152K, used 14892K [0x0000000082000000, 0x0000000800000000)
  region size 4096K, 2 young (8192K), 2 survivors (8192K)
 Metaspace       used 23256K, capacity 23685K, committed 23856K, reserved 1071104K
  class space    used 2498K, capacity 2664K, committed 2688K, reserved 1048576K
}

