# JRE version: OpenJDK Runtime Environment Zulu11.43+55-CA (11.0.9.1+1) (build 11.0.9.1+1-LTS)
# Java VM: OpenJDK 64-Bit Server VM Zulu11.43+55-CA (11.0.9.1+1-LTS, mixed mode, tiered, compressed oops, g1 gc, bsd-amd64)
Heap:
 garbage-first heap   total 131072K, used 32021K [0x0000000780000000, 0x0000000800000000)
  region size 1024K, 21 young (21504K), 4 survivors (4096K)
 Metaspace       used 23048K, capacity 23472K, committed 23856K, reserved 1071104K
  class space    used 2494K, capacity 2655K, committed 2688K, reserved 1048576K
GC Heap History (16 events):
Event: 1.915 GC heap before
{Heap before GC invocations=0 (full 0):
 garbage-first heap   total 131072K, used 27648K [0x0000000780000000, 0x0000000800000000)
  region size 1024K, 24 young (24576K), 0 survivors (0K)
 Metaspace       used 17718K, capacity 18103K, committed 18176K, reserved 1064960K
  class space    used 1894K, capacity 2037K, committed 2048K, reserved 1048576K
}
Event: 1.924 GC heap after
{Heap after GC invocations=1 (full 0):
 garbage-first heap   total 131072K, used 8050K [0x0000000780000000, 0x0000000800000000)
  region size 1024K, 3 young (3072K), 3 survivors (3072K)
 Metaspace       used 17718K, capacity 18103K, committed 18176K, reserved 1064960K
  class space    used 1894K, capacity 2037K, committed 2048K, reserved 1048576K
}
Event: 16.434 GC heap before
{Heap before GC invocations=1 (full 0):
 garbage-first heap   total 131072K, used 17266K [0x0000000780000000, 0x0000000800000000)
  region size 1024K, 13 young (13312K), 3 survivors (3072K)
 Metaspace       used 20736K, capacity 21118K, committed 21296K, reserved 1069056K
  class space    used 2245K, capacity 2403K, committed 2432K, reserved 1048576K
}
Event: 16.453 GC heap after
{Heap after GC invocations=2 (full 0):
 garbage-first heap   total 131072K, used 8709K [0x0000000780000000, 0x0000000800000000)
  region size 1024K, 4 young (4096K), 4 survivors (4096K)
 Metaspace       used 20736K, capacity 21118K, committed 21296K, reserved 1069056K
  class space    used 2245K, capacity 2403K, committed 2432K, reserved 1048576K
}
Event: 18.183 GC heap before
{Heap before GC invocations=3 (full 0):
 garbage-first heap   total 131072K, used 31237K [0x0000000780000000, 0x0000000800000000)
  region size 1024K, 24 young (24576K), 4 survivors (4096K)
 Metaspace       used 22560K, capacity 23016K, committed 23344K, reserved 1071104K
  class space    used 2490K, capacity 2654K, committed 2688K, reserved 1048576K
}
Event: 18.194 GC heap after
{Heap after GC invocations=4 (full 0):
 garbage-first heap   total 131072K, used 15372K [0x0000000780000000, 0x0000000800000000)
  region size 1024K, 3 young (3072K), 3 survivors (3072K)
 Metaspace       used 22560K, capacity 23016K, committed 23344K, reserved 1071104K
  class space    used 2490K, capacity 2654K, committed 2688K, reserved 1048576K
}
Event: 153.503 GC heap before
{Heap before GC invocations=4 (full 0):
 garbage-first heap   total 131072K, used 64524K [0x0000000780000000, 0x0000000800000000)
  region size 1024K, 52 young (53248K), 3 survivors (3072K)
 Metaspace       used 22722K, capacity 23210K, committed 23600K, reserved 1071104K
  class space    used 2490K, capacity 2654K, committed 2688K, reserved 1048576K
}
Event: 153.566 GC heap after
{Heap after GC invocations=5 (full 0):
 garbage-first heap   total 131072K, used 14863K [0x0000000780000000, 0x0000000800000000)
  region size 1024K, 3 young (3072K), 3 survivors (3072K)
 Metaspace       used 22722K, capacity 23210K, committed 23600K, reserved 1071104K
  class space    used 2490K, capacity 2654K, committed 2688K, reserved 1048576K
}
Event: 420.772 GC heap before
{Heap before GC invocations=5 (full 0):
 garbage-first heap   total 131072K, used 88591K [0x0000000780000000, 0x0000000800000000)
  region size 1024K, 76 young (77824K), 3 survivors (3072K)
 Metaspace       used 22892K, capacity 23339K, committed 23600K, reserved 1071104K
  class space    used 2491K, capacity 2654K, committed 2688K, reserved 1048576K
}
Event: 420.795 GC heap after
{Heap after GC invocations=6 (full 0):
 garbage-first heap   total 131072K, used 15863K [0x0000000780000000, 0x0000000800000000)
  region size 1024K, 4 young (4096K), 4 survivors (4096K)
 Metaspace       used 22892K, capacity 23339K, committed 23600K, reserved 1071104K
  class space    used 2491K, capacity 2654K, committed 2688K, reserved 1048576K
}
Event: 714.739 GC heap before
{Heap before GC invocations=6 (full 0):
 garbage-first heap   total 131072K, used 88567K [0x0000000780000000, 0x0000000800000000)
  region size 1024K, 76 young (77824K), 4 survivors (4096K)
 Metaspace       used 22941K, capacity 23340K, committed 23600K, reserved 1071104K
  class space    used 2491K, capacity 2654K, committed 2688K, reserved 1048576K
}
Event: 714.770 GC heap after
{Heap after GC invocations=7 (full 0):
 garbage-first heap   total 131072K, used 15199K [0x0000000780000000, 0x0000000800000000)
  region size 1024K, 3 young (3072K), 3 survivors (3072K)
 Metaspace       used 22941K, capacity 23340K, committed 23600K, reserved 1071104K
  class space    used 2491K, capacity 2654K, committed 2688K, reserved 1048576K
}
Event: 1003.167 GC heap before
{Heap before GC invocations=7 (full 0):
 garbage-first heap   total 131072K, used 88927K [0x0000000780000000, 0x0000000800000000)
  region size 1024K, 76 young (77824K), 3 survivors (3072K)
 Metaspace       used 22988K, capacity 23405K, committed 23600K, reserved 1071104K
  class space    used 2491K, capacity 2654K, committed 2688K, reserved 1048576K
}
Event: 1003.210 GC heap after
{Heap after GC invocations=8 (full 0):
 garbage-first heap   total 131072K, used 13324K [0x0000000780000000, 0x0000000800000000)
  region size 1024K, 1 young (1024K), 1 survivors (1024K)
 Metaspace       used 22988K, capacity 23405K, committed 23600K, reserved 1071104K
  class space    used 2491K, capacity 2654K, committed 2688K, reserved 1048576K
}
Event: 1485.039 GC heap before
{Heap before GC invocations=8 (full 0):
 garbage-first heap   total 131072K, used 89100K [0x0000000780000000, 0x0000000800000000)
  region size 1024K, 76 young (77824K), 1 survivors (1024K)
 Metaspace       used 23004K, capacity 23405K, committed 23600K, reserved 1071104K
  class space    used 2491K, capacity 2654K, committed 2688K, reserved 1048576K
}
Event: 1485.068 GC heap after
{Heap after GC invocations=9 (full 0):
 garbage-first heap   total 131072K, used 15637K [0x0000000780000000, 0x0000000800000000)
  region size 1024K, 4 young (4096K), 4 survivors (4096K)
 Metaspace       used 23004K, capacity 23405K, committed 23600K, reserved 1071104K
  class space    used 2491K, capacity 2654K, committed 2688K, reserved 1048576K
}

