# JRE version: OpenJDK Runtime Environment Zulu11.43+55-CA (11.0.9.1+1) (build 11.0.9.1+1-LTS)
# Java VM: OpenJDK 64-Bit Server VM Zulu11.43+55-CA (11.0.9.1+1-LTS, mixed mode, tiered, compressed oops, g1 gc, bsd-amd64)
Heap:
 garbage-first heap   total 131072K, used 40273K [0x0000000780000000, 0x0000000800000000)
  region size 1024K, 31 young (31744K), 2 survivors (2048K)
 Metaspace       used 22894K, capacity 23342K, committed 23600K, reserved 1071104K
  class space    used 2494K, capacity 2655K, committed 2688K, reserved 1048576K
GC Heap History (10 events):
Event: 1.149 GC heap before
{Heap before GC invocations=0 (full 0):
 garbage-first heap   total 131072K, used 27648K [0x0000000780000000, 0x0000000800000000)
  region size 1024K, 24 young (24576K), 0 survivors (0K)
 Metaspace       used 17707K, capacity 18103K, committed 18176K, reserved 1064960K
  class space    used 1894K, capacity 2037K, committed 2048K, reserved 1048576K
}
Event: 1.156 GC heap after
{Heap after GC invocations=1 (full 0):
 garbage-first heap   total 131072K, used 8446K [0x0000000780000000, 0x0000000800000000)
  region size 1024K, 3 young (3072K), 3 survivors (3072K)
 Metaspace       used 17707K, capacity 18103K, committed 18176K, reserved 1064960K
  class space    used 1894K, capacity 2037K, committed 2048K, reserved 1048576K
}
Event: 16.196 GC heap before
{Heap before GC invocations=1 (full 0):
 garbage-first heap   total 131072K, used 17662K [0x0000000780000000, 0x0000000800000000)
  region size 1024K, 13 young (13312K), 3 survivors (3072K)
 Metaspace       used 20713K, capacity 21054K, committed 21296K, reserved 1069056K
  class space    used 2245K, capacity 2403K, committed 2432K, reserved 1048576K
}
Event: 16.215 GC heap after
{Heap after GC invocations=2 (full 0):
 garbage-first heap   total 131072K, used 8560K [0x0000000780000000, 0x0000000800000000)
  region size 1024K, 4 young (4096K), 4 survivors (4096K)
 Metaspace       used 20713K, capacity 21054K, committed 21296K, reserved 1069056K
  class space    used 2245K, capacity 2403K, committed 2432K, reserved 1048576K
}
Event: 18.217 GC heap before
{Heap before GC invocations=3 (full 0):
 garbage-first heap   total 131072K, used 22896K [0x0000000780000000, 0x0000000800000000)
  region size 1024K, 15 young (15360K), 4 survivors (4096K)
 Metaspace       used 22481K, capacity 22949K, committed 23344K, reserved 1071104K
  class space    used 2485K, capacity 2653K, committed 2688K, reserved 1048576K
}
Event: 18.228 GC heap after
{Heap after GC invocations=4 (full 0):
 garbage-first heap   total 131072K, used 13367K [0x0000000780000000, 0x0000000800000000)
  region size 1024K, 2 young (2048K), 2 survivors (2048K)
 Metaspace       used 22481K, capacity 22949K, committed 23344K, reserved 1071104K
  class space    used 2485K, capacity 2653K, committed 2688K, reserved 1048576K
}
Event: 167.820 GC heap before
{Heap before GC invocations=4 (full 0):
 garbage-first heap   total 131072K, used 67639K [0x0000000780000000, 0x0000000800000000)
  region size 1024K, 56 young (57344K), 2 survivors (2048K)
 Metaspace       used 22742K, capacity 23146K, committed 23600K, reserved 1071104K
  class space    used 2490K, capacity 2654K, committed 2688K, reserved 1048576K
}
Event: 167.827 GC heap after
{Heap after GC invocations=5 (full 0):
 garbage-first heap   total 131072K, used 12519K [0x0000000780000000, 0x0000000800000000)
  region size 1024K, 2 young (2048K), 2 survivors (2048K)
 Metaspace       used 22742K, capacity 23146K, committed 23600K, reserved 1071104K
  class space    used 2490K, capacity 2654K, committed 2688K, reserved 1048576K
}
Event: 324.623 GC heap before
{Heap before GC invocations=5 (full 0):
 garbage-first heap   total 131072K, used 84199K [0x0000000780000000, 0x0000000800000000)
  region size 1024K, 73 young (74752K), 2 survivors (2048K)
 Metaspace       used 22866K, capacity 23275K, committed 23600K, reserved 1071104K
  class space    used 2491K, capacity 2654K, committed 2688K, reserved 1048576K
}
Event: 324.625 GC heap after
{Heap after GC invocations=6 (full 0):
 garbage-first heap   total 131072K, used 12625K [0x0000000780000000, 0x0000000800000000)
  region size 1024K, 2 young (2048K), 2 survivors (2048K)
 Metaspace       used 22866K, capacity 23275K, committed 23600K, reserved 1071104K
  class space    used 2491K, capacity 2654K, committed 2688K, reserved 1048576K
}

