# JRE version: OpenJDK Runtime Environment Zulu11.43+55-CA (11.0.9.1+1) (build 11.0.9.1+1-LTS)
# Java VM: OpenJDK 64-Bit Server VM Zulu11.43+55-CA (11.0.9.1+1-LTS, mixed mode, tiered, compressed oops, g1 gc, bsd-amd64)
Heap:
 garbage-first heap   total 131072K, used 50483K [0x0000000780000000, 0x0000000800000000)
  region size 1024K, 41 young (41984K), 3 survivors (3072K)
 Metaspace       used 22989K, capacity 23399K, committed 23600K, reserved 1071104K
  class space    used 2493K, capacity 2655K, committed 2688K, reserved 1048576K
GC Heap History (14 events):
Event: 1.818 GC heap before
{Heap before GC invocations=0 (full 0):
 garbage-first heap   total 131072K, used 27648K [0x0000000780000000, 0x0000000800000000)
  region size 1024K, 24 young (24576K), 0 survivors (0K)
 Metaspace       used 17718K, capacity 18095K, committed 18176K, reserved 1064960K
  class space    used 1892K, capacity 2037K, committed 2048K, reserved 1048576K
}
Event: 1.826 GC heap after
{Heap after GC invocations=1 (full 0):
 garbage-first heap   total 131072K, used 8050K [0x0000000780000000, 0x0000000800000000)
  region size 1024K, 3 young (3072K), 3 survivors (3072K)
 Metaspace       used 17718K, capacity 18095K, committed 18176K, reserved 1064960K
  class space    used 1892K, capacity 2037K, committed 2048K, reserved 1048576K
}
Event: 16.493 GC heap before
{Heap before GC invocations=1 (full 0):
 garbage-first heap   total 131072K, used 17266K [0x0000000780000000, 0x0000000800000000)
  region size 1024K, 13 young (13312K), 3 survivors (3072K)
 Metaspace       used 20721K, capacity 21104K, committed 21296K, reserved 1069056K
  class space    used 2242K, capacity 2402K, committed 2432K, reserved 1048576K
}
Event: 16.516 GC heap after
{Heap after GC invocations=2 (full 0):
 garbage-first heap   total 131072K, used 8875K [0x0000000780000000, 0x0000000800000000)
  region size 1024K, 4 young (4096K), 4 survivors (4096K)
 Metaspace       used 20721K, capacity 21104K, committed 21296K, reserved 1069056K
  class space    used 2242K, capacity 2402K, committed 2432K, reserved 1048576K
}
Event: 30.360 GC heap before
{Heap before GC invocations=3 (full 0):
 garbage-first heap   total 131072K, used 31403K [0x0000000780000000, 0x0000000800000000)
  region size 1024K, 23 young (23552K), 4 survivors (4096K)
 Metaspace       used 22596K, capacity 23010K, committed 23344K, reserved 1071104K
  class space    used 2488K, capacity 2654K, committed 2688K, reserved 1048576K
}
Event: 30.369 GC heap after
{Heap after GC invocations=4 (full 0):
 garbage-first heap   total 131072K, used 13199K [0x0000000780000000, 0x0000000800000000)
  region size 1024K, 2 young (2048K), 2 survivors (2048K)
 Metaspace       used 22596K, capacity 23010K, committed 23344K, reserved 1071104K
  class space    used 2488K, capacity 2654K, committed 2688K, reserved 1048576K
}
Event: 143.079 GC heap before
{Heap before GC invocations=4 (full 0):
 garbage-first heap   total 131072K, used 61327K [0x0000000780000000, 0x0000000800000000)
  region size 1024K, 50 young (51200K), 2 survivors (2048K)
 Metaspace       used 22791K, capacity 23266K, committed 23600K, reserved 1071104K
  class space    used 2488K, capacity 2654K, committed 2688K, reserved 1048576K
}
Event: 143.087 GC heap after
{Heap after GC invocations=5 (full 0):
 garbage-first heap   total 131072K, used 13033K [0x0000000780000000, 0x0000000800000000)
  region size 1024K, 2 young (2048K), 2 survivors (2048K)
 Metaspace       used 22791K, capacity 23266K, committed 23600K, reserved 1071104K
  class space    used 2488K, capacity 2654K, committed 2688K, reserved 1048576K
}
Event: 402.174 GC heap before
{Heap before GC invocations=5 (full 0):
 garbage-first heap   total 131072K, used 84713K [0x0000000780000000, 0x0000000800000000)
  region size 1024K, 72 young (73728K), 2 survivors (2048K)
 Metaspace       used 22891K, capacity 23331K, committed 23600K, reserved 1071104K
  class space    used 2490K, capacity 2654K, committed 2688K, reserved 1048576K
}
Event: 402.177 GC heap after
{Heap after GC invocations=6 (full 0):
 garbage-first heap   total 131072K, used 12163K [0x0000000780000000, 0x0000000800000000)
  region size 1024K, 1 young (1024K), 1 survivors (1024K)
 Metaspace       used 22891K, capacity 23331K, committed 23600K, reserved 1071104K
  class space    used 2490K, capacity 2654K, committed 2688K, reserved 1048576K
}
Event: 648.600 GC heap before
{Heap before GC invocations=6 (full 0):
 garbage-first heap   total 131072K, used 88963K [0x0000000780000000, 0x0000000800000000)
  region size 1024K, 76 young (77824K), 1 survivors (1024K)
 Metaspace       used 22948K, capacity 23396K, committed 23600K, reserved 1071104K
  class space    used 2490K, capacity 2654K, committed 2688K, reserved 1048576K
}
Event: 648.619 GC heap after
{Heap after GC invocations=7 (full 0):
 garbage-first heap   total 131072K, used 12041K [0x0000000780000000, 0x0000000800000000)
  region size 1024K, 1 young (1024K), 1 survivors (1024K)
 Metaspace       used 22948K, capacity 23396K, committed 23600K, reserved 1071104K
  class space    used 2490K, capacity 2654K, committed 2688K, reserved 1048576K
}
Event: 917.702 GC heap before
{Heap before GC invocations=7 (full 0):
 garbage-first heap   total 131072K, used 87817K [0x0000000780000000, 0x0000000800000000)
  region size 1024K, 76 young (77824K), 1 survivors (1024K)
 Metaspace       used 22962K, capacity 23396K, committed 23600K, reserved 1071104K
  class space    used 2490K, capacity 2654K, committed 2688K, reserved 1048576K
}
Event: 917.709 GC heap after
{Heap after GC invocations=8 (full 0):
 garbage-first heap   total 131072K, used 13619K [0x0000000780000000, 0x0000000800000000)
  region size 1024K, 3 young (3072K), 3 survivors (3072K)
 Metaspace       used 22962K, capacity 23396K, committed 23600K, reserved 1071104K
  class space    used 2490K, capacity 2654K, committed 2688K, reserved 1048576K
}

