# JRE version: OpenJDK Runtime Environment Zulu11.43+55-CA (11.0.9.1+1) (build 11.0.9.1+1-LTS)
# Java VM: OpenJDK 64-Bit Server VM Zulu11.43+55-CA (11.0.9.1+1-LTS, mixed mode, tiered, compressed oops, g1 gc, bsd-amd64)
Heap:
 garbage-first heap   total 131072K, used 67774K [0x0000000780000000, 0x0000000800000000)
  region size 1024K, 58 young (59392K), 2 survivors (2048K)
 Metaspace       used 22838K, capacity 23269K, committed 23600K, reserved 1071104K
  class space    used 2493K, capacity 2655K, committed 2688K, reserved 1048576K
GC Heap History (8 events):
Event: 1.252 GC heap before
{Heap before GC invocations=0 (full 0):
 garbage-first heap   total 131072K, used 27648K [0x0000000780000000, 0x0000000800000000)
  region size 1024K, 24 young (24576K), 0 survivors (0K)
 Metaspace       used 17711K, capacity 18095K, committed 18176K, reserved 1064960K
  class space    used 1894K, capacity 2037K, committed 2048K, reserved 1048576K
}
Event: 1.259 GC heap after
{Heap after GC invocations=1 (full 0):
 garbage-first heap   total 131072K, used 8060K [0x0000000780000000, 0x0000000800000000)
  region size 1024K, 3 young (3072K), 3 survivors (3072K)
 Metaspace       used 17711K, capacity 18095K, committed 18176K, reserved 1064960K
  class space    used 1894K, capacity 2037K, committed 2048K, reserved 1048576K
}
Event: 23.397 GC heap before
{Heap before GC invocations=1 (full 0):
 garbage-first heap   total 131072K, used 17276K [0x0000000780000000, 0x0000000800000000)
  region size 1024K, 13 young (13312K), 3 survivors (3072K)
 Metaspace       used 20710K, capacity 21104K, committed 21296K, reserved 1069056K
  class space    used 2245K, capacity 2402K, committed 2432K, reserved 1048576K
}
Event: 23.428 GC heap after
{Heap after GC invocations=2 (full 0):
 garbage-first heap   total 131072K, used 8716K [0x0000000780000000, 0x0000000800000000)
  region size 1024K, 4 young (4096K), 4 survivors (4096K)
 Metaspace       used 20710K, capacity 21104K, committed 21296K, reserved 1069056K
  class space    used 2245K, capacity 2402K, committed 2432K, reserved 1048576K
}
Event: 232.222 GC heap before
{Heap before GC invocations=3 (full 0):
 garbage-first heap   total 131072K, used 30220K [0x0000000780000000, 0x0000000800000000)
  region size 1024K, 23 young (23552K), 4 survivors (4096K)
 Metaspace       used 22589K, capacity 23009K, committed 23344K, reserved 1071104K
  class space    used 2490K, capacity 2654K, committed 2688K, reserved 1048576K
}
Event: 232.230 GC heap after
{Heap after GC invocations=4 (full 0):
 garbage-first heap   total 131072K, used 13123K [0x0000000780000000, 0x0000000800000000)
  region size 1024K, 2 young (2048K), 2 survivors (2048K)
 Metaspace       used 22589K, capacity 23009K, committed 23344K, reserved 1071104K
  class space    used 2490K, capacity 2654K, committed 2688K, reserved 1048576K
}
Event: 314.551 GC heap before
{Heap before GC invocations=4 (full 0):
 garbage-first heap   total 131072K, used 64323K [0x0000000780000000, 0x0000000800000000)
  region size 1024K, 52 young (53248K), 2 survivors (2048K)
 Metaspace       used 22770K, capacity 23202K, committed 23600K, reserved 1071104K
  class space    used 2490K, capacity 2654K, committed 2688K, reserved 1048576K
}
Event: 314.555 GC heap after
{Heap after GC invocations=5 (full 0):
 garbage-first heap   total 131072K, used 12478K [0x0000000780000000, 0x0000000800000000)
  region size 1024K, 2 young (2048K), 2 survivors (2048K)
 Metaspace       used 22770K, capacity 23202K, committed 23600K, reserved 1071104K
  class space    used 2490K, capacity 2654K, committed 2688K, reserved 1048576K
}

